\BOOKMARK [0][-]{chapter.1}{\376\377\0001\000\040\000M\000o\000d\000u\000l\000e\000\040\000I\000n\000d\000e\000x}{}% 1
\BOOKMARK [1][-]{section.1.1}{\376\377\0001\000.\0001\000\040\000M\000o\000d\000u\000l\000e\000s}{chapter.1}% 2
\BOOKMARK [0][-]{chapter.2}{\376\377\0002\000\040\000F\000i\000l\000e\000\040\000I\000n\000d\000e\000x}{}% 3
\BOOKMARK [1][-]{section.2.1}{\376\377\0002\000.\0001\000\040\000F\000i\000l\000e\000\040\000L\000i\000s\000t}{chapter.2}% 4
\BOOKMARK [0][-]{chapter.3}{\376\377\0003\000\040\000M\000o\000d\000u\000l\000e\000\040\000D\000o\000c\000u\000m\000e\000n\000t\000a\000t\000i\000o\000n}{}% 5
\BOOKMARK [1][-]{section.3.1}{\376\377\0003\000.\0001\000\040\000E\000n\000g\000l\000i\000s\000h\000\040\000f\000o\000n\000t\000\040\000f\000o\000r\000\040\000N\000o\000k\000i\000a\000\040\000L\000C\000D\000\040\000L\000i\000b\000r\000a\000r\000y\000\040\000<\000e\000n\000g\000l\000i\000s\000h\000\137\000f\000o\000n\000t\000.\000h\000>}{chapter.3}% 6
\BOOKMARK [2][-]{subsection.3.1.1}{\376\377\0003\000.\0001\000.\0001\000\040\000D\000e\000t\000a\000i\000l\000e\000d\000\040\000D\000e\000s\000c\000r\000i\000p\000t\000i\000o\000n}{section.3.1}% 7
\BOOKMARK [1][-]{section.3.2}{\376\377\0003\000.\0002\000\040\000G\000P\000I\000O\000\040\000L\000i\000b\000r\000a\000r\000y\000\040\000<\000g\000p\000i\000o\000.\000h\000>}{chapter.3}% 8
\BOOKMARK [2][-]{subsection.3.2.1}{\376\377\0003\000.\0002\000.\0001\000\040\000D\000e\000t\000a\000i\000l\000e\000d\000\040\000D\000e\000s\000c\000r\000i\000p\000t\000i\000o\000n}{section.3.2}% 9
\BOOKMARK [2][-]{subsection.3.2.2}{\376\377\0003\000.\0002\000.\0002\000\040\000F\000u\000n\000c\000t\000i\000o\000n\000\040\000D\000o\000c\000u\000m\000e\000n\000t\000a\000t\000i\000o\000n}{section.3.2}% 10
\BOOKMARK [3][-]{subsubsection.3.2.2.1}{\376\377\0003\000.\0002\000.\0002\000.\0001\000\040\000G\000P\000I\000O\000\137\000c\000o\000n\000f\000i\000g\000\137\000i\000n\000p\000u\000t\000\137\000n\000o\000p\000u\000l\000l\000\050\000\051}{subsection.3.2.2}% 11
\BOOKMARK [3][-]{subsubsection.3.2.2.2}{\376\377\0003\000.\0002\000.\0002\000.\0002\000\040\000G\000P\000I\000O\000\137\000c\000o\000n\000f\000i\000g\000\137\000i\000n\000p\000u\000t\000\137\000p\000u\000l\000l\000u\000p\000\050\000\051}{subsection.3.2.2}% 12
\BOOKMARK [3][-]{subsubsection.3.2.2.3}{\376\377\0003\000.\0002\000.\0002\000.\0003\000\040\000G\000P\000I\000O\000\137\000c\000o\000n\000f\000i\000g\000\137\000o\000u\000t\000p\000u\000t\000\050\000\051}{subsection.3.2.2}% 13
\BOOKMARK [3][-]{subsubsection.3.2.2.4}{\376\377\0003\000.\0002\000.\0002\000.\0004\000\040\000G\000P\000I\000O\000\137\000r\000e\000a\000d\000\050\000\051}{subsection.3.2.2}% 14
\BOOKMARK [3][-]{subsubsection.3.2.2.5}{\376\377\0003\000.\0002\000.\0002\000.\0005\000\040\000G\000P\000I\000O\000\137\000t\000o\000g\000g\000l\000e\000\050\000\051}{subsection.3.2.2}% 15
\BOOKMARK [3][-]{subsubsection.3.2.2.6}{\376\377\0003\000.\0002\000.\0002\000.\0006\000\040\000G\000P\000I\000O\000\137\000w\000r\000i\000t\000e\000\137\000h\000i\000g\000h\000\050\000\051}{subsection.3.2.2}% 16
\BOOKMARK [3][-]{subsubsection.3.2.2.7}{\376\377\0003\000.\0002\000.\0002\000.\0007\000\040\000G\000P\000I\000O\000\137\000w\000r\000i\000t\000e\000\137\000l\000o\000w\000\050\000\051}{subsection.3.2.2}% 17
\BOOKMARK [1][-]{section.3.3}{\376\377\0003\000.\0003\000\040\000U\000l\000t\000r\000a\000s\000o\000u\000n\000d\000\040\000s\000e\000n\000s\000o\000r\000\040\000L\000i\000b\000r\000a\000r\000y\000\040\000<\000H\000C\000-\000S\000R\0000\0004\000.\000h\000>}{chapter.3}% 18
\BOOKMARK [2][-]{subsection.3.3.1}{\376\377\0003\000.\0003\000.\0001\000\040\000D\000e\000t\000a\000i\000l\000e\000d\000\040\000D\000e\000s\000c\000r\000i\000p\000t\000i\000o\000n}{section.3.3}% 19
\BOOKMARK [2][-]{subsection.3.3.2}{\376\377\0003\000.\0003\000.\0002\000\040\000F\000u\000n\000c\000t\000i\000o\000n\000\040\000D\000o\000c\000u\000m\000e\000n\000t\000a\000t\000i\000o\000n}{section.3.3}% 20
\BOOKMARK [3][-]{subsubsection.3.3.2.1}{\376\377\0003\000.\0003\000.\0002\000.\0001\000\040\000g\000e\000t\000\137\000c\000n\000t\000\050\000\051}{subsection.3.3.2}% 21
\BOOKMARK [3][-]{subsubsection.3.3.2.2}{\376\377\0003\000.\0003\000.\0002\000.\0002\000\040\000g\000e\000t\000\137\000d\000i\000s\000t\000\050\000\051}{subsection.3.3.2}% 22
\BOOKMARK [3][-]{subsubsection.3.3.2.3}{\376\377\0003\000.\0003\000.\0002\000.\0003\000\040\000g\000e\000t\000\137\000d\000i\000s\000t\000\137\000a\000v\000g\000\050\000\051}{subsection.3.3.2}% 23
\BOOKMARK [3][-]{subsubsection.3.3.2.4}{\376\377\0003\000.\0003\000.\0002\000.\0004\000\040\000i\000n\000i\000t\000\137\000u\000l\000t\000r\000a\000s\000o\000n\000i\000c\000\137\000s\000e\000n\000s\000o\000r\000\050\000\051}{subsection.3.3.2}% 24
\BOOKMARK [1][-]{section.3.4}{\376\377\0003\000.\0004\000\040\000M\000a\000i\000n\000\040\000s\000t\000a\000t\000i\000c\000\040\000<\000m\000a\000i\000n\000.\000h\000>}{chapter.3}% 25
\BOOKMARK [2][-]{subsection.3.4.1}{\376\377\0003\000.\0004\000.\0001\000\040\000D\000e\000t\000a\000i\000l\000e\000d\000\040\000D\000e\000s\000c\000r\000i\000p\000t\000i\000o\000n}{section.3.4}% 26
\BOOKMARK [1][-]{section.3.5}{\376\377\0003\000.\0005\000\040\000N\000o\000k\000i\000a\000\040\0005\0001\0001\0000\000\040\000L\000C\000D\000\040\000L\000i\000b\000r\000a\000r\000y\000\040\000<\000n\000o\000k\000i\000a\000\137\0005\0001\0001\0000\000\137\000l\000c\000d\000.\000h\000>}{chapter.3}% 27
\BOOKMARK [2][-]{subsection.3.5.1}{\376\377\0003\000.\0005\000.\0001\000\040\000D\000e\000t\000a\000i\000l\000e\000d\000\040\000D\000e\000s\000c\000r\000i\000p\000t\000i\000o\000n}{section.3.5}% 28
\BOOKMARK [2][-]{subsection.3.5.2}{\376\377\0003\000.\0005\000.\0002\000\040\000F\000u\000n\000c\000t\000i\000o\000n\000\040\000D\000o\000c\000u\000m\000e\000n\000t\000a\000t\000i\000o\000n}{section.3.5}% 29
\BOOKMARK [3][-]{subsubsection.3.5.2.1}{\376\377\0003\000.\0005\000.\0002\000.\0001\000\040\000L\000C\000D\000\137\000c\000l\000e\000a\000r\000\050\000\051}{subsection.3.5.2}% 30
\BOOKMARK [3][-]{subsubsection.3.5.2.2}{\376\377\0003\000.\0005\000.\0002\000.\0002\000\040\000L\000C\000D\000\137\000i\000n\000i\000t\000\050\000\051}{subsection.3.5.2}% 31
\BOOKMARK [3][-]{subsubsection.3.5.2.3}{\376\377\0003\000.\0005\000.\0002\000.\0003\000\040\000L\000C\000D\000\137\000s\000e\000t\000\137\000X\000Y\000\050\000\051}{subsection.3.5.2}% 32
\BOOKMARK [3][-]{subsubsection.3.5.2.4}{\376\377\0003\000.\0005\000.\0002\000.\0004\000\040\000L\000C\000D\000\137\000w\000r\000i\000t\000e\000\137\000b\000y\000t\000e\000\050\000\051}{subsection.3.5.2}% 33
\BOOKMARK [3][-]{subsubsection.3.5.2.5}{\376\377\0003\000.\0005\000.\0002\000.\0005\000\040\000L\000C\000D\000\137\000w\000r\000i\000t\000e\000\137\000b\000y\000t\000e\000s\000\137\000x\000y\000\137\000d\000e\000f\000i\000n\000e\000d\000\137\000w\000i\000d\000t\000h\000\050\000\051}{subsection.3.5.2}% 34
\BOOKMARK [3][-]{subsubsection.3.5.2.6}{\376\377\0003\000.\0005\000.\0002\000.\0006\000\040\000L\000C\000D\000\137\000w\000r\000i\000t\000e\000\137\000c\000h\000a\000r\000\050\000\051}{subsection.3.5.2}% 35
\BOOKMARK [3][-]{subsubsection.3.5.2.7}{\376\377\0003\000.\0005\000.\0002\000.\0007\000\040\000L\000C\000D\000\137\000w\000r\000i\000t\000e\000\137\000e\000n\000g\000l\000i\000s\000h\000\137\000s\000t\000r\000i\000n\000g\000\050\000\051}{subsection.3.5.2}% 36
\BOOKMARK [3][-]{subsubsection.3.5.2.8}{\376\377\0003\000.\0005\000.\0002\000.\0008\000\040\000L\000C\000D\000\137\000w\000r\000i\000t\000e\000\137\000e\000n\000g\000l\000i\000s\000h\000\137\000s\000t\000r\000i\000n\000g\000\137\000c\000o\000n\000t\000i\000n\000u\000e\000\050\000\051}{subsection.3.5.2}% 37
\BOOKMARK [3][-]{subsubsection.3.5.2.9}{\376\377\0003\000.\0005\000.\0002\000.\0009\000\040\000L\000C\000D\000\137\000w\000r\000i\000t\000e\000\137\000e\000n\000g\000l\000i\000s\000h\000\137\000s\000t\000r\000i\000n\000g\000\137\000c\000o\000n\000t\000i\000n\000u\000e\000\137\000p\000r\000e\000c\000i\000s\000e\000\050\000\051}{subsection.3.5.2}% 38
\BOOKMARK [3][-]{subsubsection.3.5.2.10}{\376\377\0003\000.\0005\000.\0002\000.\0001\0000\000\040\000L\000C\000D\000\137\000w\000r\000i\000t\000e\000\137\000i\000n\000i\000t\000\050\000\051}{subsection.3.5.2}% 39
\BOOKMARK [3][-]{subsubsection.3.5.2.11}{\376\377\0003\000.\0005\000.\0002\000.\0001\0001\000\040\000L\000C\000D\000\137\000w\000r\000i\000t\000e\000\137\000w\000h\000o\000l\000e\000\137\000s\000c\000r\000e\000e\000n\000\050\000\051}{subsection.3.5.2}% 40
\BOOKMARK [1][-]{section.3.6}{\376\377\0003\000.\0006\000\040\000T\000i\000m\000e\000r\000\040\000L\000i\000b\000r\000a\000r\000y\000\040\000<\000t\000i\000m\000e\000r\000.\000h\000>}{chapter.3}% 41
\BOOKMARK [2][-]{subsection.3.6.1}{\376\377\0003\000.\0006\000.\0001\000\040\000D\000e\000t\000a\000i\000l\000e\000d\000\040\000D\000e\000s\000c\000r\000i\000p\000t\000i\000o\000n}{section.3.6}% 42
\BOOKMARK [1][-]{section.3.7}{\376\377\0003\000.\0007\000\040\000W\000a\000t\000e\000r\000\040\000s\000y\000m\000b\000o\000l\000s\000\040\000s\000t\000a\000t\000i\000c\000\040\000<\000w\000a\000t\000e\000r\000\137\000s\000y\000m\000b\000o\000l\000s\000.\000h\000>}{chapter.3}% 43
\BOOKMARK [2][-]{subsection.3.7.1}{\376\377\0003\000.\0007\000.\0001\000\040\000D\000e\000t\000a\000i\000l\000e\000d\000\040\000D\000e\000s\000c\000r\000i\000p\000t\000i\000o\000n}{section.3.7}% 44
\BOOKMARK [0][-]{chapter.4}{\376\377\0004\000\040\000F\000i\000l\000e\000\040\000D\000o\000c\000u\000m\000e\000n\000t\000a\000t\000i\000o\000n}{}% 45
\BOOKMARK [1][-]{section.4.1}{\376\377\0004\000.\0001\000\040\000C\000:\000/\000U\000s\000e\000r\000s\000/\000g\000k\000a\000r\000e\000t\000k\000a\000/\000D\000o\000c\000u\000m\000e\000n\000t\000s\000/\000G\000i\000t\000H\000u\000b\000/\000D\000E\0002\000\137\000P\000r\000o\000j\000e\000c\000t\000\137\0002\0000\0002\0001\000-\0002\0002\000/\000c\000o\000d\000e\000/\000w\000a\000t\000e\000r\000\137\000h\000e\000i\000g\000h\000t\000\137\000m\000e\000t\000e\000r\000/\000e\000n\000g\000l\000i\000s\000h\000\137\000f\000o\000n\000t\000.\000h\000\040\000F\000i\000l\000e\000\040\000R\000e\000f\000e\000r\000e\000n\000c\000e}{chapter.4}% 46
\BOOKMARK [1][-]{section.4.2}{\376\377\0004\000.\0002\000\040\000C\000:\000/\000U\000s\000e\000r\000s\000/\000g\000k\000a\000r\000e\000t\000k\000a\000/\000D\000o\000c\000u\000m\000e\000n\000t\000s\000/\000G\000i\000t\000H\000u\000b\000/\000D\000E\0002\000\137\000P\000r\000o\000j\000e\000c\000t\000\137\0002\0000\0002\0001\000-\0002\0002\000/\000c\000o\000d\000e\000/\000w\000a\000t\000e\000r\000\137\000h\000e\000i\000g\000h\000t\000\137\000m\000e\000t\000e\000r\000/\000e\000n\000g\000l\000i\000s\000h\000\137\000f\000o\000n\000t\000.\000h}{chapter.4}% 47
\BOOKMARK [1][-]{section.4.3}{\376\377\0004\000.\0003\000\040\000C\000:\000/\000U\000s\000e\000r\000s\000/\000g\000k\000a\000r\000e\000t\000k\000a\000/\000D\000o\000c\000u\000m\000e\000n\000t\000s\000/\000G\000i\000t\000H\000u\000b\000/\000D\000E\0002\000\137\000P\000r\000o\000j\000e\000c\000t\000\137\0002\0000\0002\0001\000-\0002\0002\000/\000c\000o\000d\000e\000/\000w\000a\000t\000e\000r\000\137\000h\000e\000i\000g\000h\000t\000\137\000m\000e\000t\000e\000r\000/\000g\000p\000i\000o\000.\000h\000\040\000F\000i\000l\000e\000\040\000R\000e\000f\000e\000r\000e\000n\000c\000e}{chapter.4}% 48
\BOOKMARK [1][-]{section.4.4}{\376\377\0004\000.\0004\000\040\000C\000:\000/\000U\000s\000e\000r\000s\000/\000g\000k\000a\000r\000e\000t\000k\000a\000/\000D\000o\000c\000u\000m\000e\000n\000t\000s\000/\000G\000i\000t\000H\000u\000b\000/\000D\000E\0002\000\137\000P\000r\000o\000j\000e\000c\000t\000\137\0002\0000\0002\0001\000-\0002\0002\000/\000c\000o\000d\000e\000/\000w\000a\000t\000e\000r\000\137\000h\000e\000i\000g\000h\000t\000\137\000m\000e\000t\000e\000r\000/\000g\000p\000i\000o\000.\000h}{chapter.4}% 49
\BOOKMARK [1][-]{section.4.5}{\376\377\0004\000.\0005\000\040\000C\000:\000/\000U\000s\000e\000r\000s\000/\000g\000k\000a\000r\000e\000t\000k\000a\000/\000D\000o\000c\000u\000m\000e\000n\000t\000s\000/\000G\000i\000t\000H\000u\000b\000/\000D\000E\0002\000\137\000P\000r\000o\000j\000e\000c\000t\000\137\0002\0000\0002\0001\000-\0002\0002\000/\000c\000o\000d\000e\000/\000w\000a\000t\000e\000r\000\137\000h\000e\000i\000g\000h\000t\000\137\000m\000e\000t\000e\000r\000/\000H\000C\000-\000S\000R\0000\0004\000.\000h\000\040\000F\000i\000l\000e\000\040\000R\000e\000f\000e\000r\000e\000n\000c\000e}{chapter.4}% 50
\BOOKMARK [1][-]{section.4.6}{\376\377\0004\000.\0006\000\040\000C\000:\000/\000U\000s\000e\000r\000s\000/\000g\000k\000a\000r\000e\000t\000k\000a\000/\000D\000o\000c\000u\000m\000e\000n\000t\000s\000/\000G\000i\000t\000H\000u\000b\000/\000D\000E\0002\000\137\000P\000r\000o\000j\000e\000c\000t\000\137\0002\0000\0002\0001\000-\0002\0002\000/\000c\000o\000d\000e\000/\000w\000a\000t\000e\000r\000\137\000h\000e\000i\000g\000h\000t\000\137\000m\000e\000t\000e\000r\000/\000H\000C\000-\000S\000R\0000\0004\000.\000h}{chapter.4}% 51
\BOOKMARK [1][-]{section.4.7}{\376\377\0004\000.\0007\000\040\000C\000:\000/\000U\000s\000e\000r\000s\000/\000g\000k\000a\000r\000e\000t\000k\000a\000/\000D\000o\000c\000u\000m\000e\000n\000t\000s\000/\000G\000i\000t\000H\000u\000b\000/\000D\000E\0002\000\137\000P\000r\000o\000j\000e\000c\000t\000\137\0002\0000\0002\0001\000-\0002\0002\000/\000c\000o\000d\000e\000/\000w\000a\000t\000e\000r\000\137\000h\000e\000i\000g\000h\000t\000\137\000m\000e\000t\000e\000r\000/\000m\000a\000i\000n\000.\000h\000\040\000F\000i\000l\000e\000\040\000R\000e\000f\000e\000r\000e\000n\000c\000e}{chapter.4}% 52
\BOOKMARK [1][-]{section.4.8}{\376\377\0004\000.\0008\000\040\000C\000:\000/\000U\000s\000e\000r\000s\000/\000g\000k\000a\000r\000e\000t\000k\000a\000/\000D\000o\000c\000u\000m\000e\000n\000t\000s\000/\000G\000i\000t\000H\000u\000b\000/\000D\000E\0002\000\137\000P\000r\000o\000j\000e\000c\000t\000\137\0002\0000\0002\0001\000-\0002\0002\000/\000c\000o\000d\000e\000/\000w\000a\000t\000e\000r\000\137\000h\000e\000i\000g\000h\000t\000\137\000m\000e\000t\000e\000r\000/\000m\000a\000i\000n\000.\000h}{chapter.4}% 53
\BOOKMARK [1][-]{section.4.9}{\376\377\0004\000.\0009\000\040\000C\000:\000/\000U\000s\000e\000r\000s\000/\000g\000k\000a\000r\000e\000t\000k\000a\000/\000D\000o\000c\000u\000m\000e\000n\000t\000s\000/\000G\000i\000t\000H\000u\000b\000/\000D\000E\0002\000\137\000P\000r\000o\000j\000e\000c\000t\000\137\0002\0000\0002\0001\000-\0002\0002\000/\000c\000o\000d\000e\000/\000w\000a\000t\000e\000r\000\137\000h\000e\000i\000g\000h\000t\000\137\000m\000e\000t\000e\000r\000/\000n\000o\000k\000i\000a\000\137\0005\0001\0001\0000\000\137\000l\000c\000d\000.\000h\000\040\000F\000i\000l\000e\000\040\000R\000e\000f\000e\000r\000e\000n\000c\000e}{chapter.4}% 54
\BOOKMARK [1][-]{section.4.10}{\376\377\0004\000.\0001\0000\000\040\000C\000:\000/\000U\000s\000e\000r\000s\000/\000g\000k\000a\000r\000e\000t\000k\000a\000/\000D\000o\000c\000u\000m\000e\000n\000t\000s\000/\000G\000i\000t\000H\000u\000b\000/\000D\000E\0002\000\137\000P\000r\000o\000j\000e\000c\000t\000\137\0002\0000\0002\0001\000-\0002\0002\000/\000c\000o\000d\000e\000/\000w\000a\000t\000e\000r\000\137\000h\000e\000i\000g\000h\000t\000\137\000m\000e\000t\000e\000r\000/\000n\000o\000k\000i\000a\000\137\0005\0001\0001\0000\000\137\000l\000c\000d\000.\000h}{chapter.4}% 55
\BOOKMARK [1][-]{section.4.11}{\376\377\0004\000.\0001\0001\000\040\000C\000:\000/\000U\000s\000e\000r\000s\000/\000g\000k\000a\000r\000e\000t\000k\000a\000/\000D\000o\000c\000u\000m\000e\000n\000t\000s\000/\000G\000i\000t\000H\000u\000b\000/\000D\000E\0002\000\137\000P\000r\000o\000j\000e\000c\000t\000\137\0002\0000\0002\0001\000-\0002\0002\000/\000c\000o\000d\000e\000/\000w\000a\000t\000e\000r\000\137\000h\000e\000i\000g\000h\000t\000\137\000m\000e\000t\000e\000r\000/\000t\000i\000m\000e\000r\000.\000h\000\040\000F\000i\000l\000e\000\040\000R\000e\000f\000e\000r\000e\000n\000c\000e}{chapter.4}% 56
\BOOKMARK [1][-]{section.4.12}{\376\377\0004\000.\0001\0002\000\040\000C\000:\000/\000U\000s\000e\000r\000s\000/\000g\000k\000a\000r\000e\000t\000k\000a\000/\000D\000o\000c\000u\000m\000e\000n\000t\000s\000/\000G\000i\000t\000H\000u\000b\000/\000D\000E\0002\000\137\000P\000r\000o\000j\000e\000c\000t\000\137\0002\0000\0002\0001\000-\0002\0002\000/\000c\000o\000d\000e\000/\000w\000a\000t\000e\000r\000\137\000h\000e\000i\000g\000h\000t\000\137\000m\000e\000t\000e\000r\000/\000t\000i\000m\000e\000r\000.\000h}{chapter.4}% 57
\BOOKMARK [1][-]{section.4.13}{\376\377\0004\000.\0001\0003\000\040\000C\000:\000/\000U\000s\000e\000r\000s\000/\000g\000k\000a\000r\000e\000t\000k\000a\000/\000D\000o\000c\000u\000m\000e\000n\000t\000s\000/\000G\000i\000t\000H\000u\000b\000/\000D\000E\0002\000\137\000P\000r\000o\000j\000e\000c\000t\000\137\0002\0000\0002\0001\000-\0002\0002\000/\000c\000o\000d\000e\000/\000w\000a\000t\000e\000r\000\137\000h\000e\000i\000g\000h\000t\000\137\000m\000e\000t\000e\000r\000/\000w\000a\000t\000e\000r\000\137\000s\000y\000m\000b\000o\000l\000s\000.\000h\000\040\000F\000i\000l\000e\000\040\000R\000e\000f\000e\000r\000e\000n\000c\000e}{chapter.4}% 58
\BOOKMARK [1][-]{section.4.14}{\376\377\0004\000.\0001\0004\000\040\000C\000:\000/\000U\000s\000e\000r\000s\000/\000g\000k\000a\000r\000e\000t\000k\000a\000/\000D\000o\000c\000u\000m\000e\000n\000t\000s\000/\000G\000i\000t\000H\000u\000b\000/\000D\000E\0002\000\137\000P\000r\000o\000j\000e\000c\000t\000\137\0002\0000\0002\0001\000-\0002\0002\000/\000c\000o\000d\000e\000/\000w\000a\000t\000e\000r\000\137\000h\000e\000i\000g\000h\000t\000\137\000m\000e\000t\000e\000r\000/\000w\000a\000t\000e\000r\000\137\000s\000y\000m\000b\000o\000l\000s\000.\000h}{chapter.4}% 59
\BOOKMARK [0][-]{section*.20}{\376\377\000I\000n\000d\000e\000x}{}% 60
